2021.01.18 21:59:13 INFO  Started: Metals version 0.9.8 in workspace '/home/eunicelee/project0/musicapp' for client vscode.
2021.01.18 21:59:14 INFO  time: initialize in 0.54s
2021.01.18 21:59:15 WARN  Build server is not auto-connectable.
2021.01.18 21:59:15 WARN  no build target for: /home/eunicelee/project0/musicapp/project/Dependencies.scala
2021.01.18 21:59:17 INFO  no build target: using presentation compiler with only scala-library
2021.01.18 21:59:18 INFO  running '/usr/lib/jvm/java-8-openjdk-amd64/bin/java -Djline.terminal=jline.UnsupportedTerminal -Dsbt.log.noformat=true -Dfile.encoding=UTF-8 -jar /tmp/metals207459514648909864/sbt-launch.jar -Dbloop.export-jar-classifiers=sources bloopInstall'
2021.01.18 21:59:19 WARN  no build target for: /home/eunicelee/project0/musicapp/project/metals.sbt
2021.01.18 21:59:19 WARN  no build target for: /home/eunicelee/project0/musicapp/project/project/metals.sbt
2021.01.18 21:59:18 INFO  skipping build import with status 'Started'
2021.01.18 21:59:21 INFO  [info] welcome to sbt 1.4.6 (Private Build Java 1.8.0_275)
2021.01.18 21:59:25 INFO  [info] loading settings for project musicapp-build-build from metals.sbt ...
2021.01.18 21:59:27 INFO  [info] loading project definition from /home/eunicelee/project0/musicapp/project/project
2021.01.18 21:59:30 INFO  [info] loading settings for project musicapp-build from metals.sbt ...
2021.01.18 21:59:30 INFO  [info] loading project definition from /home/eunicelee/project0/musicapp/project
2021.01.18 21:59:34 INFO  [success] Generated .bloop/musicapp-build.json
2021.01.18 21:59:34 INFO  [info] compiling 1 Scala source to /home/eunicelee/project0/musicapp/project/target/scala-2.12/sbt-1.0/classes ...
2021.01.18 21:59:38 INFO  [info] done compiling
2021.01.18 21:59:38 INFO  [success] Total time: 8 s, completed Jan 18, 2021 9:59:39 PM
2021.01.18 21:59:41 INFO  [info] loading settings for project root from build.sbt ...
2021.01.18 21:59:41 INFO  [info] set current project to musicapp (in build file:/home/eunicelee/project0/musicapp/)
2021.01.18 21:59:41 INFO  [success] Generated .bloop/root.json
2021.01.18 21:59:41 INFO  [success] Generated .bloop/root-test.json
2021.01.18 21:59:41 INFO  [success] Total time: 1 s, completed Jan 18, 2021 9:59:42 PM
2021.01.18 21:59:43 INFO  sbt bloopInstall exit: 0
2021.01.18 21:59:43 INFO  time: ran 'sbt bloopInstall' in 24s
2021.01.18 21:59:43 INFO  Attempting to connect to the build server...
Starting the bsp launcher for bloop...
Opening a bsp server connection with 'bsp --protocol local --socket /tmp/bsp-launcher1595961114999217874/bsp.socket'...
Waiting for the bsp connection to come up...
Waiting for the bsp connection to come up...
Waiting for the bsp connection to come up...
Waiting for the bsp connection to come up...
No server running at 127.0.0.1:8212, let's fire one...
Resolving ch.epfl.scala:bloop-frontend_2.12:1.4.6-15-209c2a5c...
Starting bloop server at 127.0.0.1:8212...
Attempting a connection to the server...
Attempting a connection to the server...
Attempting a connection to the server...
Attempting a connection to the server...
Attempting a connection to the server...
Attempting a connection to the server...
[0m[32m[D][0m Loading 2 projects from '/home/eunicelee/project0/musicapp/.bloop'...
[0m[32m[D][0m Loading project from '/home/eunicelee/project0/musicapp/.bloop/root.json'
[0m[32m[D][0m Loading project from '/home/eunicelee/project0/musicapp/.bloop/root-test.json'
[0m[32m[D][0m Cache miss for scala instance org.scala-lang:scala-compiler:2.13.4.
[0m[32m[D][0m   => /home/eunicelee/.cache/coursier/v1/https/repo1.maven.org/maven2/net/java/dev/jna/jna/5.3.1/jna-5.3.1.jar
[0m[32m[D][0m   => /home/eunicelee/.cache/coursier/v1/https/repo1.maven.org/maven2/org/jline/jline/3.16.0/jline-3.16.0.jar
[0m[32m[D][0m   => /home/eunicelee/.cache/coursier/v1/https/repo1.maven.org/maven2/org/scala-lang/scala-compiler/2.13.4/scala-compiler-2.13.4.jar
[0m[32m[D][0m   => /home/eunicelee/.cache/coursier/v1/https/repo1.maven.org/maven2/org/scala-lang/scala-library/2.13.4/scala-library-2.13.4.jar
[0m[32m[D][0m   => /home/eunicelee/.cache/coursier/v1/https/repo1.maven.org/maven2/org/scala-lang/scala-reflect/2.13.4/scala-reflect-2.13.4.jar
[0m[32m[D][0m Missing analysis file for project 'root-test'
[0m[32m[D][0m Missing analysis file for project 'root'
[0m[32m[D][0m Waiting for a connection at local:///tmp/bsp-launcher1595961114999217874/bsp.socket...
The server is listening for incoming connections at local:///tmp/bsp-launcher1595961114999217874/bsp.socket...
Starting thread that pumps stdin and redirects it to the bsp server...
Starting thread that pumps server stdout and redirects it to the client stdout...
2021.01.18 21:59:47 INFO  tracing is disabled for protocol BSP, to enable tracing of incoming and outgoing JSON messages create an empty file at /home/eunicelee/.cache/metals/bsp.trace.json
2021.01.18 21:59:47 INFO  Attempting to connect to the build server...
Starting the bsp launcher for bloop...
Opening a bsp server connection with 'bsp --protocol local --socket /tmp/bsp-launcher8469870936089317972/bsp.socket'...
Waiting for the bsp connection to come up...
[0m[32m[D][0m Loading workspace settings from bloop.settings.json
[0m[32m[D][0m Waiting for a connection at local:///tmp/bsp-launcher8469870936089317972/bsp.socket...
The server is listening for incoming connections at local:///tmp/bsp-launcher8469870936089317972/bsp.socket...
Starting thread that pumps stdin and redirects it to the bsp server...
Starting thread that pumps server stdout and redirects it to the client stdout...
2021.01.18 21:59:48 INFO  tracing is disabled for protocol BSP, to enable tracing of incoming and outgoing JSON messages create an empty file at /home/eunicelee/.cache/metals/bsp.trace.json
2021.01.18 21:59:48 INFO  time: connected to build server in 4.83s
2021.01.18 21:59:48 INFO  Connected to Build server v1.4.6-15-209c2a5c
2021.01.18 21:59:48 INFO  time: imported build in 0.32s
2021.01.18 21:59:51 WARN  Could not find java sources in None. Java symbols will not be available.
2021.01.18 21:59:55 INFO  time: indexed workspace in 7.14s
2021.01.18 22:00:08 INFO  compiling musicapp-build (1 scala source)
2021.01.18 22:00:14 INFO  time: compiled musicapp-build in 5.48s
2021.01.18 22:00:44 INFO  running '/usr/lib/jvm/java-8-openjdk-amd64/bin/java -Djline.terminal=jline.UnsupportedTerminal -Dsbt.log.noformat=true -Dfile.encoding=UTF-8 -jar /tmp/metals9029400150274308312/sbt-launch.jar -Dbloop.export-jar-classifiers=sources bloopInstall'
2021.01.18 22:00:49 INFO  [info] welcome to sbt 1.4.6 (Private Build Java 1.8.0_275)
2021.01.18 22:00:53 INFO  [info] loading settings for project musicapp-build-build from metals.sbt ...
2021.01.18 22:00:56 INFO  [info] loading project definition from /home/eunicelee/project0/musicapp/project/project
2021.01.18 22:00:58 INFO  [info] loading settings for project musicapp-build from metals.sbt ...
2021.01.18 22:00:58 INFO  [info] loading project definition from /home/eunicelee/project0/musicapp/project
2021.01.18 22:01:04 INFO  [success] Generated .bloop/musicapp-build.json
2021.01.18 22:01:19 INFO  [success] Total time: 20 s, completed Jan 18, 2021 10:01:19 PM
2021.01.18 22:01:24 INFO  [info] loading settings for project root from build.sbt ...
2021.01.18 22:01:24 INFO  [info] set current project to musicapp (in build file:/home/eunicelee/project0/musicapp/)
2021.01.18 22:01:26 INFO  [success] Generated .bloop/root-test.json
2021.01.18 22:01:26 INFO  [success] Generated .bloop/root.json
2021.01.18 22:01:26 INFO  [success] Total time: 1 s, completed Jan 18, 2021 10:01:26 PM
2021.01.18 22:01:26 INFO  sbt bloopInstall exit: 0
2021.01.18 22:01:26 INFO  time: ran 'sbt bloopInstall' in 42s
2021.01.18 22:01:26 INFO  Disconnecting from Bloop session...
2021.01.18 22:01:26 INFO  Shut down connection with build server.
No more data in the client stdin, exiting...
2021.01.18 22:01:26 INFO  Shut down connection with build server.
No more data in the client stdin, exiting...
2021.01.18 22:01:26 INFO  Attempting to connect to the build server...
Starting the bsp launcher for bloop...
Opening a bsp server connection with 'bsp --protocol local --socket /tmp/bsp-launcher5005622717017807950/bsp.socket'...
Waiting for the bsp connection to come up...
2021.01.18 22:01:26 INFO  tracing is disabled for protocol BSP, to enable tracing of incoming and outgoing JSON messages create an empty file at /home/eunicelee/.cache/metals/bsp.trace.json
2021.01.18 22:01:26 INFO  Attempting to connect to the build server...
2021.01.18 22:01:26 INFO  tracing is disabled for protocol BSP, to enable tracing of incoming and outgoing JSON messages create an empty file at /home/eunicelee/.cache/metals/bsp.trace.json
2021.01.18 22:01:26 INFO  time: connected to build server in 0.13s
2021.01.18 22:01:26 INFO  Connected to Build server v1.4.6-15-209c2a5c
2021.01.18 22:01:26 WARN  Could not find java sources in None. Java symbols will not be available.
2021.01.18 22:01:26 INFO  time: indexed workspace in 0.5s
2021.01.18 22:01:47 INFO  running '/usr/lib/jvm/java-8-openjdk-amd64/bin/java -Djline.terminal=jline.UnsupportedTerminal -Dsbt.log.noformat=true -Dfile.encoding=UTF-8 -jar /tmp/metals6472156347487764738/sbt-launch.jar -Dbloop.export-jar-classifiers=sources bloopInstall'
2021.01.18 22:01:50 INFO  [info] welcome to sbt 1.4.6 (Private Build Java 1.8.0_275)
2021.01.18 22:01:52 INFO  [info] loading settings for project musicapp-build-build from metals.sbt ...
2021.01.18 22:01:53 INFO  [info] loading project definition from /home/eunicelee/project0/musicapp/project/project
2021.01.18 22:01:54 INFO  [info] loading settings for project musicapp-build from metals.sbt ...
2021.01.18 22:01:54 INFO  [info] loading project definition from /home/eunicelee/project0/musicapp/project
2021.01.18 22:01:58 INFO  [success] Generated .bloop/musicapp-build.json
2021.01.18 22:01:58 INFO  [success] Total time: 4 s, completed Jan 18, 2021 10:01:59 PM
2021.01.18 22:02:05 INFO  [info] loading settings for project root from build.sbt ...
2021.01.18 22:02:05 INFO  [info] set current project to musicapp (in build file:/home/eunicelee/project0/musicapp/)
2021.01.18 22:02:06 INFO  [success] Generated .bloop/root.json
2021.01.18 22:02:06 INFO  [success] Generated .bloop/root-test.json
2021.01.18 22:02:06 INFO  [success] Total time: 1 s, completed Jan 18, 2021 10:02:06 PM
2021.01.18 22:02:06 INFO  sbt bloopInstall exit: 0
2021.01.18 22:02:06 INFO  time: ran 'sbt bloopInstall' in 19s
2021.01.18 22:02:06 INFO  Disconnecting from Bloop session...
2021.01.18 22:02:06 INFO  Shut down connection with build server.
2021.01.18 22:02:06 INFO  Shut down connection with build server.
2021.01.18 22:02:06 INFO  Attempting to connect to the build server...
2021.01.18 22:02:07 INFO  tracing is disabled for protocol BSP, to enable tracing of incoming and outgoing JSON messages create an empty file at /home/eunicelee/.cache/metals/bsp.trace.json
2021.01.18 22:02:07 INFO  Attempting to connect to the build server...
2021.01.18 22:02:06 INFO  tracing is disabled for protocol BSP, to enable tracing of incoming and outgoing JSON messages create an empty file at /home/eunicelee/.cache/metals/bsp.trace.json
2021.01.18 22:02:06 INFO  time: connected to build server in 0.15s
2021.01.18 22:02:06 INFO  Connected to Build server v1.4.6-15-209c2a5c
2021.01.18 22:02:06 WARN  Could not find java sources in None. Java symbols will not be available.
2021.01.18 22:02:06 INFO  time: indexed workspace in 0.49s
2021.01.18 22:02:59 INFO  compiling root (9 scala sources)
2021.01.18 22:03:03 INFO  time: compiled root in 4.9s
2021.01.18 22:03:03 INFO  compiling root (9 scala sources)
2021.01.18 22:03:05 INFO  time: compiled root in 1.5s
2021.01.18 22:03:12 INFO  compiling root (9 scala sources)
2021.01.18 22:03:13 INFO  time: compiled root in 1.35s
2021.01.18 22:03:17 INFO  compiling root (9 scala sources)
2021.01.18 22:03:17 INFO  time: compiled root in 0.63s
2021.01.18 22:03:21 INFO  compiling root (9 scala sources)
2021.01.18 22:03:21 INFO  time: compiled root in 0.75s
2021.01.18 22:03:23 INFO  compiling root (9 scala sources)
2021.01.18 22:03:25 INFO  time: compiled root in 1.34s
2021.01.18 22:03:33 ERROR code navigation does not work for the file '/home/eunicelee/project0/musicapp/src/main/scala/com/eunice/musicapp/Driver.scala' because the SemanticDB file '/home/eunicelee/project0/musicapp/.bloop/root/bloop-bsp-clients-classes/classes-Metals-ocTZ_7UZRCSOaxhRPpptDg==/META-INF/semanticdb/src/main/scala/com/eunice/musicapp/Driver.scala.semanticdb' doesn't exist. There can be many reasons for this error. 
2021.01.18 22:03:33 ERROR code navigation does not work for the file '/home/eunicelee/project0/musicapp/src/main/scala/com/eunice/musicapp/Driver.scala' because the SemanticDB file '/home/eunicelee/project0/musicapp/.bloop/root/bloop-bsp-clients-classes/classes-Metals-ocTZ_7UZRCSOaxhRPpptDg==/META-INF/semanticdb/src/main/scala/com/eunice/musicapp/Driver.scala.semanticdb' doesn't exist. There can be many reasons for this error. 
2021.01.18 22:03:34 INFO  compiling root (9 scala sources)
2021.01.18 22:03:34 INFO  time: compiled root in 0.46s
2021.01.18 22:04:09 INFO  compiling root (9 scala sources)
2021.01.18 22:04:14 INFO  time: compiled root in 4.67s
2021.01.18 22:04:18 INFO  compiling root (1 scala source)
2021.01.18 22:04:21 INFO  time: compiled root in 2.47s
2021.01.18 22:04:21 INFO  compiling root (1 scala source)
2021.01.18 22:04:21 INFO  time: compiled root in 69ms
2021.01.18 22:04:21 INFO  compiling root (1 scala source)
2021.01.18 22:04:22 INFO  time: compiled root in 1.11s
2021.01.18 22:04:22 INFO  compiling root (1 scala source)
2021.01.18 22:04:22 INFO  time: compiled root in 59ms
2021.01.18 22:04:22 INFO  compiling root (2 scala sources)
2021.01.18 22:04:23 INFO  time: compiled root in 0.92s
